#! /usr/bin/vvp
:ivl_version "10.1 (stable)" "(v10_1)";
:ivl_delay_selection "TYPICAL";
:vpi_time_precision + 0;
:vpi_module "system";
:vpi_module "vhdl_sys";
:vpi_module "v2005_math";
:vpi_module "va_math";
S_0x55e6cf35c090 .scope module, "alu_tb" "alu_tb" 2 2;
 .timescale 0 0;
v0x55e6cf37c930_0 .var "a", 4 0;
v0x55e6cf37ca10_0 .var "b", 4 0;
v0x55e6cf37cab0_0 .var "func_code", 5 0;
v0x55e6cf37cb80_0 .net "op", 31 0, v0x55e6cf37c680_0;  1 drivers
v0x55e6cf37cc50_0 .var "opcode", 5 0;
S_0x55e6cf35c210 .scope module, "u1" "alu" 2 6, 3 1 0, S_0x55e6cf35c090;
 .timescale 0 0;
    .port_info 0 /OUTPUT 32 "op"
    .port_info 1 /INPUT 5 "a"
    .port_info 2 /INPUT 5 "b"
    .port_info 3 /INPUT 6 "func_code"
    .port_info 4 /INPUT 6 "opcode"
v0x55e6cf35c460_0 .net "a", 4 0, v0x55e6cf37c930_0;  1 drivers
v0x55e6cf37c4e0_0 .net "b", 4 0, v0x55e6cf37ca10_0;  1 drivers
v0x55e6cf37c5c0_0 .net "func_code", 5 0, v0x55e6cf37cab0_0;  1 drivers
v0x55e6cf37c680_0 .var "op", 31 0;
v0x55e6cf37c760_0 .net "opcode", 5 0, v0x55e6cf37cc50_0;  1 drivers
E_0x55e6cf34c750 .event edge, v0x55e6cf37c760_0, v0x55e6cf37c5c0_0, v0x55e6cf35c460_0, v0x55e6cf37c4e0_0;
    .scope S_0x55e6cf35c210;
T_0 ;
    %wait E_0x55e6cf34c750;
    %load/vec4 v0x55e6cf37c760_0;
    %pad/u 32;
    %cmpi/e 0, 0, 32;
    %jmp/0xz  T_0.0, 4;
    %load/vec4 v0x55e6cf37c5c0_0;
    %dup/vec4;
    %pushi/vec4 32, 0, 6;
    %cmp/u;
    %jmp/1 T_0.2, 6;
    %dup/vec4;
    %pushi/vec4 34, 0, 6;
    %cmp/u;
    %jmp/1 T_0.3, 6;
    %dup/vec4;
    %pushi/vec4 36, 0, 6;
    %cmp/u;
    %jmp/1 T_0.4, 6;
    %dup/vec4;
    %pushi/vec4 37, 0, 6;
    %cmp/u;
    %jmp/1 T_0.5, 6;
    %dup/vec4;
    %pushi/vec4 39, 0, 6;
    %cmp/u;
    %jmp/1 T_0.6, 6;
    %pushi/vec4 0, 0, 32;
    %store/vec4 v0x55e6cf37c680_0, 0, 32;
    %jmp T_0.8;
T_0.2 ;
    %load/vec4 v0x55e6cf35c460_0;
    %pad/u 32;
    %load/vec4 v0x55e6cf37c4e0_0;
    %pad/u 32;
    %add;
    %store/vec4 v0x55e6cf37c680_0, 0, 32;
    %vpi_call 3 10 "$display", "Addition operation" {0 0 0};
    %jmp T_0.8;
T_0.3 ;
    %load/vec4 v0x55e6cf35c460_0;
    %pad/u 32;
    %load/vec4 v0x55e6cf37c4e0_0;
    %pad/u 32;
    %sub;
    %store/vec4 v0x55e6cf37c680_0, 0, 32;
    %vpi_call 3 11 "$display", "Subtraction operation" {0 0 0};
    %jmp T_0.8;
T_0.4 ;
    %load/vec4 v0x55e6cf35c460_0;
    %pad/u 32;
    %load/vec4 v0x55e6cf37c4e0_0;
    %pad/u 32;
    %and;
    %store/vec4 v0x55e6cf37c680_0, 0, 32;
    %vpi_call 3 12 "$display", "Logical AND operation" {0 0 0};
    %jmp T_0.8;
T_0.5 ;
    %load/vec4 v0x55e6cf35c460_0;
    %pad/u 32;
    %load/vec4 v0x55e6cf37c4e0_0;
    %pad/u 32;
    %or;
    %store/vec4 v0x55e6cf37c680_0, 0, 32;
    %vpi_call 3 13 "$display", "Logical OR operation" {0 0 0};
    %jmp T_0.8;
T_0.6 ;
    %load/vec4 v0x55e6cf35c460_0;
    %pad/u 32;
    %load/vec4 v0x55e6cf37c4e0_0;
    %pad/u 32;
    %or;
    %inv;
    %store/vec4 v0x55e6cf37c680_0, 0, 32;
    %vpi_call 3 14 "$display", "Logical NOR operation" {0 0 0};
    %jmp T_0.8;
T_0.8 ;
    %pop/vec4 1;
T_0.0 ;
    %load/vec4 v0x55e6cf37c760_0;
    %pad/u 32;
    %cmpi/e 1000, 0, 32;
    %jmp/0xz  T_0.9, 4;
    %load/vec4 v0x55e6cf35c460_0;
    %pad/u 32;
    %load/vec4 v0x55e6cf37c4e0_0;
    %pad/u 32;
    %add;
    %store/vec4 v0x55e6cf37c680_0, 0, 32;
    %vpi_call 3 21 "$display", "Immediate ADD operation" {0 0 0};
T_0.9 ;
    %load/vec4 v0x55e6cf37c760_0;
    %pad/u 32;
    %cmpi/e 1100, 0, 32;
    %jmp/0xz  T_0.11, 4;
    %load/vec4 v0x55e6cf35c460_0;
    %pad/u 32;
    %load/vec4 v0x55e6cf37c4e0_0;
    %pad/u 32;
    %and;
    %store/vec4 v0x55e6cf37c680_0, 0, 32;
    %vpi_call 3 26 "$display", "Immediate AND operation" {0 0 0};
T_0.11 ;
    %jmp T_0;
    .thread T_0, $push;
    .scope S_0x55e6cf35c090;
T_1 ;
    %vpi_call 2 10 "$monitor", "A=%b, B=%b | op = %b", v0x55e6cf37c930_0, v0x55e6cf37ca10_0, v0x55e6cf37cb80_0 {0 0 0};
    %pushi/vec4 10, 0, 5;
    %store/vec4 v0x55e6cf37c930_0, 0, 5;
    %pushi/vec4 5, 0, 5;
    %store/vec4 v0x55e6cf37ca10_0, 0, 5;
    %pushi/vec4 0, 0, 6;
    %store/vec4 v0x55e6cf37cab0_0, 0, 6;
    %pushi/vec4 8, 0, 6;
    %store/vec4 v0x55e6cf37cc50_0, 0, 6;
    %delay 100, 0;
    %pushi/vec4 6, 0, 5;
    %store/vec4 v0x55e6cf37c930_0, 0, 5;
    %pushi/vec4 3, 0, 5;
    %store/vec4 v0x55e6cf37ca10_0, 0, 5;
    %pushi/vec4 32, 0, 6;
    %store/vec4 v0x55e6cf37cab0_0, 0, 6;
    %pushi/vec4 0, 0, 6;
    %store/vec4 v0x55e6cf37cc50_0, 0, 6;
    %delay 100, 0;
    %pushi/vec4 12, 0, 5;
    %store/vec4 v0x55e6cf37c930_0, 0, 5;
    %pushi/vec4 4, 0, 5;
    %store/vec4 v0x55e6cf37ca10_0, 0, 5;
    %pushi/vec4 0, 0, 6;
    %store/vec4 v0x55e6cf37cab0_0, 0, 6;
    %pushi/vec4 12, 0, 6;
    %store/vec4 v0x55e6cf37cc50_0, 0, 6;
    %delay 100, 0;
    %pushi/vec4 9, 0, 5;
    %store/vec4 v0x55e6cf37c930_0, 0, 5;
    %pushi/vec4 4, 0, 5;
    %store/vec4 v0x55e6cf37ca10_0, 0, 5;
    %pushi/vec4 32, 0, 6;
    %store/vec4 v0x55e6cf37cab0_0, 0, 6;
    %pushi/vec4 0, 0, 6;
    %store/vec4 v0x55e6cf37cc50_0, 0, 6;
    %delay 100, 0;
    %pushi/vec4 7, 0, 5;
    %store/vec4 v0x55e6cf37c930_0, 0, 5;
    %pushi/vec4 9, 0, 5;
    %store/vec4 v0x55e6cf37ca10_0, 0, 5;
    %pushi/vec4 34, 0, 6;
    %store/vec4 v0x55e6cf37cab0_0, 0, 6;
    %pushi/vec4 0, 0, 6;
    %store/vec4 v0x55e6cf37cc50_0, 0, 6;
    %delay 100, 0;
    %end;
    .thread T_1;
# The file index is used to find the file name in the following table.
:file_names 4;
    "N/A";
    "<interactive>";
    "alu_tb.v";
    "alu.v";
