#! /usr/bin/vvp
:ivl_version "10.1 (stable)" "(v10_1)";
:ivl_delay_selection "TYPICAL";
:vpi_time_precision + 0;
:vpi_module "system";
:vpi_module "vhdl_sys";
:vpi_module "v2005_math";
:vpi_module "va_math";
S_0x55569fb07040 .scope module, "IO" "IO" 2 30;
 .timescale 0 0;
v0x55569fb27a40_0 .net "aluOP", 1 0, v0x55569fb07490_0;  1 drivers
v0x55569fb27b20_0 .net "aluSrc", 0 0, v0x55569fb27170_0;  1 drivers
v0x55569fb27bf0_0 .net "branch", 0 0, v0x55569fb27230_0;  1 drivers
v0x55569fb27cf0_0 .var "functionCode", 5 0;
v0x55569fb27dc0_0 .var "inputCode", 31 0;
v0x55569fb27e60_0 .net "memRead", 0 0, v0x55569fb273b0_0;  1 drivers
v0x55569fb27f00_0 .net "memToReg", 0 0, v0x55569fb274c0_0;  1 drivers
v0x55569fb27fd0_0 .net "memWrite", 0 0, v0x55569fb27580_0;  1 drivers
v0x55569fb280a0_0 .var "opcode", 5 0;
v0x55569fb28200_0 .net "regDst", 0 0, v0x55569fb27720_0;  1 drivers
v0x55569fb282d0_0 .net "regWrite", 0 0, v0x55569fb277e0_0;  1 drivers
S_0x55569fb071c0 .scope module, "ob" "sci" 2 38, 2 1 0, S_0x55569fb07040;
 .timescale 0 0;
    .port_info 0 /INPUT 6 "opcode"
    .port_info 1 /INPUT 6 "functionCode"
    .port_info 2 /OUTPUT 1 "regDst"
    .port_info 3 /OUTPUT 1 "aluSrc"
    .port_info 4 /OUTPUT 1 "memToReg"
    .port_info 5 /OUTPUT 1 "regWrite"
    .port_info 6 /OUTPUT 1 "memRead"
    .port_info 7 /OUTPUT 1 "memWrite"
    .port_info 8 /OUTPUT 1 "branch"
    .port_info 9 /OUTPUT 2 "aluOP"
v0x55569fb07490_0 .var "aluOP", 1 0;
v0x55569fb27170_0 .var "aluSrc", 0 0;
v0x55569fb27230_0 .var "branch", 0 0;
v0x55569fb272d0_0 .net "functionCode", 5 0, v0x55569fb27cf0_0;  1 drivers
v0x55569fb273b0_0 .var "memRead", 0 0;
v0x55569fb274c0_0 .var "memToReg", 0 0;
v0x55569fb27580_0 .var "memWrite", 0 0;
v0x55569fb27640_0 .net "opcode", 5 0, v0x55569fb280a0_0;  1 drivers
v0x55569fb27720_0 .var "regDst", 0 0;
v0x55569fb277e0_0 .var "regWrite", 0 0;
E_0x55569faff1a0 .event edge, v0x55569fb272d0_0, v0x55569fb27640_0;
    .scope S_0x55569fb071c0;
T_0 ;
    %wait E_0x55569faff1a0;
    %load/vec4 v0x55569fb27640_0;
    %cmpi/e 0, 0, 6;
    %jmp/0xz  T_0.0, 4;
    %load/vec4 v0x55569fb272d0_0;
    %cmpi/e 34, 0, 6;
    %jmp/0xz  T_0.2, 4;
    %pushi/vec4 1, 0, 1;
    %store/vec4 v0x55569fb27720_0, 0, 1;
    %pushi/vec4 0, 0, 1;
    %store/vec4 v0x55569fb27170_0, 0, 1;
    %pushi/vec4 0, 0, 1;
    %store/vec4 v0x55569fb274c0_0, 0, 1;
    %pushi/vec4 1, 0, 1;
    %store/vec4 v0x55569fb277e0_0, 0, 1;
    %pushi/vec4 0, 0, 1;
    %store/vec4 v0x55569fb273b0_0, 0, 1;
    %pushi/vec4 0, 0, 1;
    %store/vec4 v0x55569fb27580_0, 0, 1;
    %pushi/vec4 0, 0, 1;
    %store/vec4 v0x55569fb27230_0, 0, 1;
    %pushi/vec4 2, 0, 2;
    %store/vec4 v0x55569fb07490_0, 0, 2;
T_0.2 ;
T_0.0 ;
    %vpi_call 2 26 "$monitor", "regDst : %b , aluSrc : %b , memToReg : %b,regWrite: %b , memRead : %b ,memWrite: %b, branch : %b, aluOP :%b ", v0x55569fb27720_0, v0x55569fb27170_0, v0x55569fb274c0_0, v0x55569fb277e0_0, v0x55569fb273b0_0, v0x55569fb27580_0, v0x55569fb27230_0, v0x55569fb07490_0 {0 0 0};
    %jmp T_0;
    .thread T_0, $push;
    .scope S_0x55569fb07040;
T_1 ;
    %pushi/vec4 36870180, 0, 32;
    %store/vec4 v0x55569fb27dc0_0, 0, 32;
    %load/vec4 v0x55569fb27dc0_0;
    %pad/u 85;
    %pushi/vec4 2220446049, 0, 33;
    %concati/vec4 2150172992, 0, 33;
    %concati/vec4 0, 0, 19;
    %div;
    %pad/u 6;
    %store/vec4 v0x55569fb280a0_0, 0, 6;
    %load/vec4 v0x55569fb27dc0_0;
    %pad/u 85;
    %pushi/vec4 2220446049, 0, 33;
    %concati/vec4 2150172992, 0, 33;
    %concati/vec4 0, 0, 19;
    %mod;
    %pad/u 6;
    %store/vec4 v0x55569fb27cf0_0, 0, 6;
    %vpi_call 2 49 "$display", "a=%b, b=%b c=%b", v0x55569fb27dc0_0, v0x55569fb280a0_0, v0x55569fb27cf0_0 {0 0 0};
    %end;
    .thread T_1;
# The file index is used to find the file name in the following table.
:file_names 3;
    "N/A";
    "<interactive>";
    "gen_output.v";
